{"/mnt/56EA44CAEA44A857/Namaste-React/src/components/Body.js": {"path":"/mnt/56EA44CAEA44A857/Namaste-React/src/components/Body.js","statementMap":{"0":{"start":{"line":8,"column":13},"end":{"line":92,"column":1}},"1":{"start":{"line":9,"column":38},"end":{"line":9,"column":50}},"2":{"start":{"line":10,"column":47},"end":{"line":10,"column":61}},"3":{"start":{"line":11,"column":23},"end":{"line":11,"column":40}},"4":{"start":{"line":13,"column":31},"end":{"line":13,"column":62}},"5":{"start":{"line":15,"column":2},"end":{"line":18,"column":6}},"6":{"start":{"line":16,"column":4},"end":{"line":18,"column":6}},"7":{"start":{"line":20,"column":40},"end":{"line":20,"column":63}},"8":{"start":{"line":23,"column":2},"end":{"line":91,"column":4}},"9":{"start":{"line":33,"column":27},"end":{"line":33,"column":54}},"10":{"start":{"line":42,"column":14},"end":{"line":42,"column":44}},"11":{"start":{"line":50,"column":34},"end":{"line":52,"column":15}},"12":{"start":{"line":51,"column":16},"end":{"line":51,"column":78}},"13":{"start":{"line":54,"column":14},"end":{"line":54,"column":40}},"14":{"start":{"line":63,"column":12},"end":{"line":63,"column":73}},"15":{"start":{"line":63,"column":49},"end":{"line":63,"column":71}},"16":{"start":{"line":65,"column":12},"end":{"line":65,"column":37}},"17":{"start":{"line":75,"column":10},"end":{"line":87,"column":18}}},"fnMap":{"0":{"name":"(anonymous_0)","decl":{"start":{"line":8,"column":13},"end":{"line":8,"column":14}},"loc":{"start":{"line":8,"column":19},"end":{"line":92,"column":1}},"line":8},"1":{"name":"(anonymous_1)","decl":{"start":{"line":33,"column":20},"end":{"line":33,"column":21}},"loc":{"start":{"line":33,"column":27},"end":{"line":33,"column":54}},"line":33},"2":{"name":"(anonymous_2)","decl":{"start":{"line":41,"column":22},"end":{"line":41,"column":23}},"loc":{"start":{"line":41,"column":29},"end":{"line":43,"column":13}},"line":41},"3":{"name":"(anonymous_3)","decl":{"start":{"line":48,"column":21},"end":{"line":48,"column":22}},"loc":{"start":{"line":48,"column":27},"end":{"line":55,"column":13}},"line":48},"4":{"name":"(anonymous_4)","decl":{"start":{"line":50,"column":49},"end":{"line":50,"column":50}},"loc":{"start":{"line":51,"column":16},"end":{"line":51,"column":78}},"line":51},"5":{"name":"(anonymous_5)","decl":{"start":{"line":62,"column":19},"end":{"line":62,"column":20}},"loc":{"start":{"line":62,"column":25},"end":{"line":66,"column":11}},"line":62},"6":{"name":"(anonymous_6)","decl":{"start":{"line":63,"column":40},"end":{"line":63,"column":41}},"loc":{"start":{"line":63,"column":49},"end":{"line":63,"column":71}},"line":63},"7":{"name":"(anonymous_7)","decl":{"start":{"line":74,"column":23},"end":{"line":74,"column":24}},"loc":{"start":{"line":75,"column":10},"end":{"line":87,"column":18}},"line":75}},"branchMap":{"0":{"loc":{"start":{"line":15,"column":2},"end":{"line":18,"column":6}},"type":"if","locations":[{"start":{"line":15,"column":2},"end":{"line":18,"column":6}},{"start":{},"end":{}}],"line":15},"1":{"loc":{"start":{"line":23,"column":9},"end":{"line":91,"column":3}},"type":"cond-expr","locations":[{"start":{"line":24,"column":4},"end":{"line":24,"column":15}},{"start":{"line":26,"column":4},"end":{"line":90,"column":10}}],"line":23},"2":{"loc":{"start":{"line":23,"column":9},"end":{"line":23,"column":41}},"type":"binary-expr","locations":[{"start":{"line":23,"column":9},"end":{"line":23,"column":17}},{"start":{"line":23,"column":21},"end":{"line":23,"column":41}}],"line":23},"3":{"loc":{"start":{"line":75,"column":10},"end":{"line":87,"column":18}},"type":"cond-expr","locations":[{"start":{"line":76,"column":12},"end":{"line":86,"column":19}},{"start":{"line":87,"column":14},"end":{"line":87,"column":18}}],"line":75},"4":{"loc":{"start":{"line":81,"column":15},"end":{"line":85,"column":15}},"type":"cond-expr","locations":[{"start":{"line":82,"column":16},"end":{"line":82,"column":55}},{"start":{"line":84,"column":16},"end":{"line":84,"column":61}}],"line":81}},"s":{"0":1,"1":2,"2":2,"3":2,"4":2,"5":2,"6":0,"7":2,"8":2,"9":0,"10":0,"11":0,"12":0,"13":0,"14":0,"15":0,"16":0,"17":0},"f":{"0":2,"1":0,"2":0,"3":0,"4":0,"5":0,"6":0,"7":0},"b":{"0":[0,2],"1":[2,0],"2":[2,1],"3":[0,0],"4":[0,0]},"_coverageSchema":"1a1c01bbd47fc00a2c39e90264f33305004495a9","hash":"5aa399ea1b7c6a1f8877bae443d402678071eb51"}
,"/mnt/56EA44CAEA44A857/Namaste-React/src/components/Contact.js": {"path":"/mnt/56EA44CAEA44A857/Namaste-React/src/components/Contact.js","statementMap":{"0":{"start":{"line":3,"column":16},"end":{"line":62,"column":1}},"1":{"start":{"line":4,"column":2},"end":{"line":61,"column":4}}},"fnMap":{"0":{"name":"(anonymous_0)","decl":{"start":{"line":3,"column":16},"end":{"line":3,"column":17}},"loc":{"start":{"line":3,"column":22},"end":{"line":62,"column":1}},"line":3}},"branchMap":{},"s":{"0":1,"1":4},"f":{"0":4},"b":{},"_coverageSchema":"1a1c01bbd47fc00a2c39e90264f33305004495a9","hash":"a057e02ee8ca42f4a0e22952576a84bcb02b2e7d"}
,"/mnt/56EA44CAEA44A857/Namaste-React/src/components/Header.js": {"path":"/mnt/56EA44CAEA44A857/Namaste-React/src/components/Header.js","statementMap":{"0":{"start":{"line":8,"column":15},"end":{"line":56,"column":1}},"1":{"start":{"line":9,"column":28},"end":{"line":9,"column":45}},"2":{"start":{"line":10,"column":23},"end":{"line":10,"column":40}},"3":{"start":{"line":12,"column":20},"end":{"line":12,"column":60}},"4":{"start":{"line":12,"column":43},"end":{"line":12,"column":59}},"5":{"start":{"line":13,"column":2},"end":{"line":13,"column":25}},"6":{"start":{"line":14,"column":27},"end":{"line":14,"column":50}},"7":{"start":{"line":15,"column":2},"end":{"line":55,"column":4}},"8":{"start":{"line":42,"column":16},"end":{"line":42,"column":74}}},"fnMap":{"0":{"name":"(anonymous_0)","decl":{"start":{"line":8,"column":15},"end":{"line":8,"column":16}},"loc":{"start":{"line":8,"column":21},"end":{"line":56,"column":1}},"line":8},"1":{"name":"(anonymous_1)","decl":{"start":{"line":12,"column":32},"end":{"line":12,"column":33}},"loc":{"start":{"line":12,"column":43},"end":{"line":12,"column":59}},"line":12},"2":{"name":"(anonymous_2)","decl":{"start":{"line":41,"column":23},"end":{"line":41,"column":24}},"loc":{"start":{"line":42,"column":16},"end":{"line":42,"column":74}},"line":42}},"branchMap":{"0":{"loc":{"start":{"line":25,"column":30},"end":{"line":25,"column":78}},"type":"cond-expr","locations":[{"start":{"line":25,"column":45},"end":{"line":25,"column":60}},{"start":{"line":25,"column":63},"end":{"line":25,"column":78}}],"line":25},"1":{"loc":{"start":{"line":42,"column":16},"end":{"line":42,"column":74}},"type":"cond-expr","locations":[{"start":{"line":42,"column":36},"end":{"line":42,"column":54}},{"start":{"line":42,"column":57},"end":{"line":42,"column":74}}],"line":42}},"s":{"0":1,"1":5,"2":5,"3":5,"4":9,"5":5,"6":5,"7":5,"8":1},"f":{"0":5,"1":9,"2":1},"b":{"0":[5,0],"1":[1,0]},"_coverageSchema":"1a1c01bbd47fc00a2c39e90264f33305004495a9","hash":"94ea69ed39fd7d2bb022ec009564b4a1571f77a8"}
,"/mnt/56EA44CAEA44A857/Namaste-React/src/components/RestaurantCard.js": {"path":"/mnt/56EA44CAEA44A857/Namaste-React/src/components/RestaurantCard.js","statementMap":{"0":{"start":{"line":2,"column":23},"end":{"line":17,"column":1}},"1":{"start":{"line":3,"column":22},"end":{"line":3,"column":27}},"2":{"start":{"line":4,"column":2},"end":{"line":4,"column":23}},"3":{"start":{"line":6,"column":4},"end":{"line":6,"column":17}},"4":{"start":{"line":7,"column":2},"end":{"line":16,"column":4}},"5":{"start":{"line":22,"column":31},"end":{"line":33,"column":1}},"6":{"start":{"line":23,"column":2},"end":{"line":32,"column":4}},"7":{"start":{"line":24,"column":4},"end":{"line":31,"column":6}}},"fnMap":{"0":{"name":"(anonymous_0)","decl":{"start":{"line":2,"column":23},"end":{"line":2,"column":24}},"loc":{"start":{"line":2,"column":34},"end":{"line":17,"column":1}},"line":2},"1":{"name":"(anonymous_1)","decl":{"start":{"line":22,"column":31},"end":{"line":22,"column":32}},"loc":{"start":{"line":22,"column":51},"end":{"line":33,"column":1}},"line":22},"2":{"name":"(anonymous_2)","decl":{"start":{"line":23,"column":9},"end":{"line":23,"column":10}},"loc":{"start":{"line":23,"column":20},"end":{"line":32,"column":3}},"line":23}},"branchMap":{},"s":{"0":2,"1":1,"2":1,"3":1,"4":1,"5":2,"6":2,"7":0},"f":{"0":1,"1":2,"2":0},"b":{},"_coverageSchema":"1a1c01bbd47fc00a2c39e90264f33305004495a9","hash":"77a84e728987b28c4fb1b1310c3c565a186f872d"}
,"/mnt/56EA44CAEA44A857/Namaste-React/src/utils/appStore.js": {"path":"/mnt/56EA44CAEA44A857/Namaste-React/src/utils/appStore.js","statementMap":{"0":{"start":{"line":3,"column":17},"end":{"line":7,"column":2}}},"fnMap":{},"branchMap":{},"s":{"0":1},"f":{},"b":{},"_coverageSchema":"1a1c01bbd47fc00a2c39e90264f33305004495a9","hash":"a8854b218c28a8d83462048f7b682dc83420813b"}
}
